# hmmsearch :: search profile(s) against a sequence database
# HMMER 3.1b1 (May 2013); http://hmmer.org/
# Copyright (C) 2013 Howard Hughes Medical Institute.
# Freely distributed under the GNU General Public License (GPLv3).
# - - - - - - - - - - - - - - - - - - - - - - - - - - - - - - - - - - - -
# query HMM file:                  ./hmm/InvH.hmm
# target sequence database:        ./combined_fasta
# number of worker threads:        8
# - - - - - - - - - - - - - - - - - - - - - - - - - - - - - - - - - - - -

Query:       InvH_PF04741_seed  [M=147]
Scores for complete sequences (score includes all domains):
   --- full sequence ---   --- best 1 domain ---    -#dom-
    E-value  score  bias    E-value  score  bias    exp  N  Sequence Description
    ------- ------ -----    ------- ------ -----   ---- --  -------- -----------

   [No hits detected that satisfy reporting thresholds]


Domain annotation for each sequence (and alignments):

   [No targets detected that satisfy reporting thresholds]


Internal pipeline statistics summary:
-------------------------------------
Query model(s):                              1  (147 nodes)
Target sequences:                        36669  (11377724 residues searched)
Passed MSV filter:                       856  (0.023344); expected 733.4 (0.02)
Passed bias filter:                      650  (0.0177261); expected 733.4 (0.02)
Passed Vit filter:                        62  (0.0016908); expected 36.7 (0.001)
Passed Fwd filter:                         0  (0); expected 0.4 (1e-05)
Initial search space (Z):              36669  [actual number of targets]
Domain search space  (domZ):               0  [number of targets reported over threshold]
# CPU time: 0.17u 0.02s 00:00:00.19 Elapsed: 00:00:00.08
# Mc/sec: 20906.57
//
[ok]
