# hmmsearch :: search profile(s) against a sequence database
# HMMER 3.1b1 (May 2013); http://hmmer.org/
# Copyright (C) 2013 Howard Hughes Medical Institute.
# Freely distributed under the GNU General Public License (GPLv3).
# - - - - - - - - - - - - - - - - - - - - - - - - - - - - - - - - - - - -
# query HMM file:                  ./hmm/OrgB.hmm
# target sequence database:        ./combined_fasta
# number of worker threads:        8
# - - - - - - - - - - - - - - - - - - - - - - - - - - - - - - - - - - - -

Query:       OrgB_PB004806  [M=79]
Scores for complete sequences (score includes all domains):
   --- full sequence ---   --- best 1 domain ---    -#dom-
    E-value  score  bias    E-value  score  bias    exp  N  Sequence Description
    ------- ------ -----    ------- ------ -----   ---- --  -------- -----------

   [No hits detected that satisfy reporting thresholds]


Domain annotation for each sequence (and alignments):

   [No targets detected that satisfy reporting thresholds]


Internal pipeline statistics summary:
-------------------------------------
Query model(s):                              1  (79 nodes)
Target sequences:                        36669  (11377724 residues searched)
Passed MSV filter:                      1383  (0.0377158); expected 733.4 (0.02)
Passed bias filter:                      761  (0.0207532); expected 733.4 (0.02)
Passed Vit filter:                        48  (0.00130901); expected 36.7 (0.001)
Passed Fwd filter:                         0  (0); expected 0.4 (1e-05)
Initial search space (Z):              36669  [actual number of targets]
Domain search space  (domZ):               0  [number of targets reported over threshold]
# CPU time: 0.13u 0.01s 00:00:00.14 Elapsed: 00:00:00.07
# Mc/sec: 12840.57
//
[ok]
